Log file open, 03/11/19 09:41:21
LogWindows: Failed to load 'aqProf.dll' (GetLastError=126)
LogWindows: File 'aqProf.dll' does not exist
LogWindows: Failed to load 'VtuneApi.dll' (GetLastError=126)
LogWindows: File 'VtuneApi.dll' does not exist
LogWindows: Failed to load 'VtuneApi32e.dll' (GetLastError=126)
LogWindows: File 'VtuneApi32e.dll' does not exist
LogConsoleResponse: Display: Failed to find resolution value strings in scalability ini. Falling back to default.
LogInit: Display: Running engine for game: MyProject
LogPakFile: Registered encryption key '00000000000000000000000000000000': 0 pak files mounted, 0 remain pending
LogPlatformFile: Not using cached read wrapper
LogTaskGraph: Started task graph with 5 named threads and 35 total threads with 3 sets of task threads.
LogStats: Stats thread started at 0.538515
LogD3D11RHI: Loaded GFSDK_Aftermath_Lib.x64.dll
LogICUInternationalization: ICU TimeZone Detection - Raw Offset: +1:00, Platform Override: ''
LogPluginManager: Mounting plugin Paper2D
LogPluginManager: Mounting plugin AISupport
LogPluginManager: Mounting plugin LightPropagationVolume
LogPluginManager: Mounting plugin ActorLayerUtilities
LogPluginManager: Mounting plugin CLionSourceCodeAccess
LogPluginManager: Mounting plugin CodeLiteSourceCodeAccess
LogPluginManager: Mounting plugin GitSourceControl
LogPluginManager: Mounting plugin KDevelopSourceCodeAccess
LogPluginManager: Mounting plugin NullSourceCodeAccess
LogPluginManager: Mounting plugin PerforceSourceControl
LogPluginManager: Mounting plugin SubversionSourceControl
LogPluginManager: Mounting plugin UObjectPlugin
LogPluginManager: Mounting plugin VisualStudioCodeSourceCodeAccess
LogPluginManager: Mounting plugin VisualStudioSourceCodeAccess
LogPluginManager: Mounting plugin XCodeSourceCodeAccess
LogPluginManager: Mounting plugin AssetManagerEditor
LogPluginManager: Mounting plugin CryptoKeys
LogPluginManager: Mounting plugin DataValidation
LogPluginManager: Mounting plugin FacialAnimation
LogPluginManager: Mounting plugin GameplayTagsEditor
LogPluginManager: Mounting plugin MacGraphicsSwitching
LogPluginManager: Mounting plugin MeshEditor
LogPluginManager: Mounting plugin MobileLauncherProfileWizard
LogPluginManager: Mounting plugin PluginBrowser
LogPluginManager: Mounting plugin SpeedTreeImporter
LogPluginManager: Mounting plugin DatasmithContent
LogPluginManager: Mounting plugin VariantManagerContent
LogPluginManager: Mounting plugin AlembicImporter
LogPluginManager: Mounting plugin AppleImageUtils
LogPluginManager: Mounting plugin AppleVision
LogPluginManager: Mounting plugin BackChannel
LogPluginManager: Mounting plugin CharacterAI
LogPluginManager: Mounting plugin GeometryCache
LogPluginManager: Mounting plugin HTML5Networking
LogPluginManager: Mounting plugin ProxyLODPlugin
LogPluginManager: Mounting plugin MagicLeap
LogPluginManager: Mounting plugin MagicLeapMedia
LogPluginManager: Mounting plugin AndroidMedia
LogPluginManager: Mounting plugin AvfMedia
LogPluginManager: Mounting plugin ImgMedia
LogPluginManager: Mounting plugin LinearTimecode
LogPluginManager: Mounting plugin MediaCompositing
LogPluginManager: Mounting plugin MediaPlayerEditor
LogPluginManager: Mounting plugin WebMMedia
LogPluginManager: Mounting plugin WmfMedia
LogPluginManager: Mounting plugin TcpMessaging
LogPluginManager: Mounting plugin UdpMessaging
LogPluginManager: Mounting plugin ActorSequence
LogPluginManager: Mounting plugin LevelSequenceEditor
LogPluginManager: Mounting plugin MatineeToLevelSequence
LogPluginManager: Mounting plugin NetcodeUnitTest
LogPluginManager: Mounting plugin NUTUnrealEngine4
LogPluginManager: Mounting plugin OnlineSubsystemGooglePlay
LogPluginManager: Mounting plugin OnlineSubsystemIOS
LogPluginManager: Mounting plugin OnlineSubsystem
LogPluginManager: Mounting plugin OnlineSubsystemNull
LogPluginManager: Mounting plugin OnlineSubsystemUtils
LogPluginManager: Mounting plugin LauncherChunkInstaller
LogPluginManager: Mounting plugin AndroidDeviceProfileSelector
LogPluginManager: Mounting plugin AndroidMoviePlayer
LogPluginManager: Mounting plugin AndroidPermission
LogPluginManager: Mounting plugin AppleMoviePlayer
LogPluginManager: Mounting plugin ArchVisCharacter
LogPluginManager: Mounting plugin AudioCapture
LogPluginManager: Mounting plugin CableComponent
LogPluginManager: Mounting plugin CustomMeshComponent
LogPluginManager: Mounting plugin EditableMesh
LogPluginManager: Mounting plugin ExampleDeviceProfileSelector
LogPluginManager: Mounting plugin Firebase
LogPluginManager: Mounting plugin GoogleCloudMessaging
LogPluginManager: Mounting plugin IOSDeviceProfileSelector
LogPluginManager: Mounting plugin LinuxDeviceProfileSelector
LogPluginManager: Mounting plugin LocationServicesBPLibrary
LogPluginManager: Mounting plugin MobilePatchingUtils
LogPluginManager: Mounting plugin OculusVR
LogPluginManager: Mounting plugin PhysXVehicles
LogPluginManager: Mounting plugin ProceduralMeshComponent
LogPluginManager: Mounting plugin RuntimePhysXCooking
LogPluginManager: Mounting plugin SteamVR
LogPluginManager: Mounting plugin WebMMoviePlayer
LogPluginManager: Mounting plugin WindowsMoviePlayer
LogStreaming: Display: Took  0.126s to configure plugins.
LogInit: Using libcurl 7.55.1-DEV
LogInit:  - built for x86_64-pc-win32
LogInit:  - supports SSL with OpenSSL/1.0.2h
LogInit:  - supports HTTP deflate (compression) using libz 1.2.8
LogInit:  - other features:
LogInit:      CURL_VERSION_SSL
LogInit:      CURL_VERSION_LIBZ
LogInit:      CURL_VERSION_IPV6
LogInit:      CURL_VERSION_ASYNCHDNS
LogInit:      CURL_VERSION_LARGEFILE
LogInit:      CURL_VERSION_IDN
LogInit:  CurlRequestOptions (configurable via config and command line):
LogInit:  - bVerifyPeer = true  - Libcurl will verify peer certificate
LogInit:  - bUseHttpProxy = false  - Libcurl will NOT use HTTP proxy
LogInit:  - bDontReuseConnections = false  - Libcurl will reuse connections
LogInit:  - MaxHostConnections = 16  - Libcurl will limit the number of connections to a host
LogInit:  - LocalHostAddr = Default
LogInit:  - BufferSize = 65536
LogInit: WinSock: version 1.1 (2.2), MaxSocks=32767, MaxUdp=65467
LogInit: Build: ++UE4+Release-4.21-CL-4753647
LogInit: Engine Version: 4.21.2-4753647+++UE4+Release-4.21
LogInit: Compatible Engine Version: 4.21.0-4541578+++UE4+Release-4.21
LogInit: Net CL: 4541578
LogInit: OS: Windows 10 (), CPU: Intel(R) Core(TM) i7-8750H CPU @ 2.20GHz, GPU: Intel(R) UHD Graphics 630
LogInit: Compiled (64-bit): Jan 19 2019 02:07:31
LogInit: Compiled with Visual C++: 19.13.26129.00
LogInit: Build Configuration: Development
LogInit: Branch Name: ++UE4+Release-4.21
LogInit: Command Line: 
LogInit: Base Directory: C:/Program Files/Epic Games/UE_4.21/Engine/Binaries/Win64/
LogInit: Installed Engine Build: 1
LogDevObjectVersion: Number of dev versions registered: 22
LogDevObjectVersion:   Dev-Blueprints (B0D832E4-1F89-4F0D-ACCF-7EB736FD4AA2): 10
LogDevObjectVersion:   Dev-Build (E1C64328-A22C-4D53-A36C-8E866417BD8C): 0
LogDevObjectVersion:   Dev-Core (375EC13C-06E4-48FB-B500-84F0262A717E): 2
LogDevObjectVersion:   Dev-Editor (E4B068ED-F494-42E9-A231-DA0B2E46BB41): 26
LogDevObjectVersion:   Dev-Framework (CFFC743F-43B0-4480-9391-14DF171D2073): 34
LogDevObjectVersion:   Dev-Mobile (B02B49B5-BB20-44E9-A304-32B752E40360): 2
LogDevObjectVersion:   Dev-Networking (A4E4105C-59A1-49B5-A7C5-40C4547EDFEE): 0
LogDevObjectVersion:   Dev-Online (39C831C9-5AE6-47DC-9A44-9C173E1C8E7C): 0
LogDevObjectVersion:   Dev-Physics (78F01B33-EBEA-4F98-B9B4-84EACCB95AA2): 0
LogDevObjectVersion:   Dev-Platform (6631380F-2D4D-43E0-8009-CF276956A95A): 0
LogDevObjectVersion:   Dev-Rendering (12F88B9F-8875-4AFC-A67C-D90C383ABD29): 27
LogDevObjectVersion:   Dev-Sequencer (7B5AE74C-D270-4C10-A958-57980B212A5A): 9
LogDevObjectVersion:   Dev-VR (D7296918-1DD6-4BDD-9DE2-64A83CC13884): 2
LogDevObjectVersion:   Dev-LoadTimes (C2A15278-BFE7-4AFE-6C17-90FF531DF755): 1
LogDevObjectVersion:   Private-Geometry (6EACA3D4-40EC-4CC1-B786-8BED09428FC5): 3
LogDevObjectVersion:   Dev-AnimPhys (29E575DD-E0A3-4627-9D10-D276232CDCEA): 17
LogDevObjectVersion:   Dev-Anim (AF43A65D-7FD3-4947-9873-3E8ED9C1BB05): 2
LogDevObjectVersion:   Dev-ReflectionCapture (6B266CEC-1EC7-4B8F-A30B-E4D90942FC07): 1
LogDevObjectVersion:   Dev-Automation (0DF73D61-A23F-47EA-B727-89E90C41499A): 1
LogDevObjectVersion:   FortniteMain (601D1886-AC64-4F84-AA16-D3DE0DEAC7D6): 17
LogDevObjectVersion:   Dev-Enterprise (9DFFBCD6-494F-0158-E221-12823C92A888): 4
LogDevObjectVersion:   Dev-Niagara (F2AED0AC-9AFE-416F-8664-AA7FFA26D6FC): 1
LogStreaming: Display: Took  0.001s to delete old logs.
LogInit: Presizing for max 8388607 objects, including 0 objects not considered by GC, pre-allocating 0 bytes for permanent pool.
LogInit: Object subsystem initialized
LogConfig: Setting CVar [[con.DebugEarlyDefault:1]]
LogConfig: Setting CVar [[r.setres:1280x720]]
[2019.03.11-08.41.21:827][  0]LogConfig: Setting CVar [[r.VSync:0]]
[2019.03.11-08.41.21:828][  0]LogConfig: Setting CVar [[r.RHICmdBypass:0]]
[2019.03.11-08.41.21:828][  0]LogConfig: Applying CVar settings from Section [/Script/Engine.RendererSettings] File [C:/Users/vanja/Documents/Unreal Projects/Witch_Hunt/Saved/Config/Windows/Engine.ini]
[2019.03.11-08.41.21:828][  0]LogConfig: Setting CVar [[r.GPUCrashDebugging:0]]
[2019.03.11-08.41.21:828][  0]LogConfig: Applying CVar settings from Section [/Script/Engine.RendererOverrideSettings] File [C:/Users/vanja/Documents/Unreal Projects/Witch_Hunt/Saved/Config/Windows/Engine.ini]
[2019.03.11-08.41.21:828][  0]LogConfig: Applying CVar settings from Section [/Script/Engine.StreamingSettings] File [C:/Users/vanja/Documents/Unreal Projects/Witch_Hunt/Saved/Config/Windows/Engine.ini]
[2019.03.11-08.41.21:828][  0]LogConfig: Setting CVar [[s.MinBulkDataSizeForAsyncLoading:131072]]
[2019.03.11-08.41.21:828][  0]LogConfig: Setting CVar [[s.AsyncLoadingThreadEnabled:0]]
[2019.03.11-08.41.21:828][  0]LogConfig: Setting CVar [[s.EventDrivenLoaderEnabled:1]]
[2019.03.11-08.41.21:828][  0]LogConfig: Setting CVar [[s.WarnIfTimeLimitExceeded:0]]
[2019.03.11-08.41.21:828][  0]LogConfig: Setting CVar [[s.TimeLimitExceededMultiplier:1.5]]
[2019.03.11-08.41.21:828][  0]LogConfig: Setting CVar [[s.TimeLimitExceededMinTime:0.005]]
[2019.03.11-08.41.21:828][  0]LogConfig: Setting CVar [[s.UseBackgroundLevelStreaming:1]]
[2019.03.11-08.41.21:828][  0]LogConfig: Setting CVar [[s.PriorityAsyncLoadingExtraTime:15.0]]
[2019.03.11-08.41.21:828][  0]LogConfig: Setting CVar [[s.LevelStreamingActorsUpdateTimeLimit:5.0]]
[2019.03.11-08.41.21:828][  0]LogConfig: Setting CVar [[s.PriorityLevelStreamingActorsUpdateExtraTime:5.0]]
[2019.03.11-08.41.21:828][  0]LogConfig: Setting CVar [[s.LevelStreamingComponentsRegistrationGranularity:10]]
[2019.03.11-08.41.21:828][  0]LogConfig: Setting CVar [[s.UnregisterComponentsTimeLimit:1.0]]
[2019.03.11-08.41.21:828][  0]LogConfig: Setting CVar [[s.LevelStreamingComponentsUnregistrationGranularity:5]]
[2019.03.11-08.41.21:828][  0]LogConfig: Applying CVar settings from Section [/Script/Engine.GarbageCollectionSettings] File [C:/Users/vanja/Documents/Unreal Projects/Witch_Hunt/Saved/Config/Windows/Engine.ini]
[2019.03.11-08.41.21:828][  0]LogConfig: Setting CVar [[gc.MaxObjectsNotConsideredByGC:1]]
[2019.03.11-08.41.21:828][  0]LogConfig: Setting CVar [[gc.SizeOfPermanentObjectPool:0]]
[2019.03.11-08.41.21:828][  0]LogConfig: Setting CVar [[gc.FlushStreamingOnGC:0]]
[2019.03.11-08.41.21:828][  0]LogConfig: Setting CVar [[gc.NumRetriesBeforeForcingGC:10]]
[2019.03.11-08.41.21:828][  0]LogConfig: Setting CVar [[gc.AllowParallelGC:1]]
[2019.03.11-08.41.21:828][  0]LogConfig: Setting CVar [[gc.TimeBetweenPurgingPendingKillObjects:61.1]]
[2019.03.11-08.41.21:828][  0]LogConfig: Setting CVar [[gc.MaxObjectsInEditor:8388607]]
[2019.03.11-08.41.21:828][  0]LogConfig: Setting CVar [[gc.IncrementalBeginDestroyEnabled:1]]
[2019.03.11-08.41.21:828][  0]LogConfig: Setting CVar [[gc.CreateGCClusters:1]]
[2019.03.11-08.41.21:828][  0]LogConfig: Setting CVar [[gc.MergeGCClusters:0]]
[2019.03.11-08.41.21:828][  0]LogConfig: Setting CVar [[gc.MinGCClusterSize:5]]
[2019.03.11-08.41.21:828][  0]LogConfig: Setting CVar [[gc.ActorClusteringEnabled:0]]
[2019.03.11-08.41.21:828][  0]LogConfig: Setting CVar [[gc.BlueprintClusteringEnabled:0]]
[2019.03.11-08.41.21:828][  0]LogConfig: Setting CVar [[gc.UseDisregardForGCOnDedicatedServers:0]]
[2019.03.11-08.41.21:828][  0]LogConfig: Applying CVar settings from Section [/Script/Engine.NetworkSettings] File [C:/Users/vanja/Documents/Unreal Projects/Witch_Hunt/Saved/Config/Windows/Engine.ini]
[2019.03.11-08.41.21:828][  0]LogConfig: Applying CVar settings from Section [/Script/UnrealEd.CookerSettings] File [C:/Users/vanja/Documents/Unreal Projects/Witch_Hunt/Saved/Config/Windows/Engine.ini]
[2019.03.11-08.41.21:832][  0]LogConfig: Applying CVar settings from Section [ViewDistanceQuality@3] File [C:/Users/vanja/Documents/Unreal Projects/Witch_Hunt/Saved/Config/Windows/Scalability.ini]
[2019.03.11-08.41.21:832][  0]LogConfig: Setting CVar [[r.SkeletalMeshLODBias:0]]
[2019.03.11-08.41.21:832][  0]LogConfig: Setting CVar [[r.ViewDistanceScale:1.0]]
[2019.03.11-08.41.21:832][  0]LogConfig: Applying CVar settings from Section [AntiAliasingQuality@3] File [C:/Users/vanja/Documents/Unreal Projects/Witch_Hunt/Saved/Config/Windows/Scalability.ini]
[2019.03.11-08.41.21:832][  0]LogConfig: Setting CVar [[r.PostProcessAAQuality:4]]
[2019.03.11-08.41.21:832][  0]LogConfig: Applying CVar settings from Section [ShadowQuality@3] File [C:/Users/vanja/Documents/Unreal Projects/Witch_Hunt/Saved/Config/Windows/Scalability.ini]
[2019.03.11-08.41.21:832][  0]LogConfig: Setting CVar [[r.LightFunctionQuality:1]]
[2019.03.11-08.41.21:832][  0]LogConfig: Setting CVar [[r.ShadowQuality:5]]
[2019.03.11-08.41.21:832][  0]LogConfig: Setting CVar [[r.Shadow.CSM.MaxCascades:10]]
[2019.03.11-08.41.21:832][  0]LogConfig: Setting CVar [[r.Shadow.MaxResolution:2048]]
[2019.03.11-08.41.21:832][  0]LogConfig: Setting CVar [[r.Shadow.MaxCSMResolution:2048]]
[2019.03.11-08.41.21:832][  0]LogConfig: Setting CVar [[r.Shadow.RadiusThreshold:0.01]]
[2019.03.11-08.41.21:832][  0]LogConfig: Setting CVar [[r.Shadow.DistanceScale:1.0]]
[2019.03.11-08.41.21:832][  0]LogConfig: Setting CVar [[r.Shadow.CSM.TransitionScale:1.0]]
[2019.03.11-08.41.21:832][  0]LogConfig: Setting CVar [[r.Shadow.PreShadowResolutionFactor:1.0]]
[2019.03.11-08.41.21:832][  0]LogConfig: Setting CVar [[r.DistanceFieldShadowing:1]]
[2019.03.11-08.41.21:832][  0]LogConfig: Setting CVar [[r.DistanceFieldAO:1]]
[2019.03.11-08.41.21:832][  0]LogConfig: Setting CVar [[r.AOQuality:2]]
[2019.03.11-08.41.21:832][  0]LogConfig: Setting CVar [[r.VolumetricFog:1]]
[2019.03.11-08.41.21:832][  0]LogConfig: Setting CVar [[r.VolumetricFog.GridPixelSize:8]]
[2019.03.11-08.41.21:832][  0]LogConfig: Setting CVar [[r.VolumetricFog.GridSizeZ:128]]
[2019.03.11-08.41.21:832][  0]LogConfig: Setting CVar [[r.VolumetricFog.HistoryMissSupersampleCount:4]]
[2019.03.11-08.41.21:832][  0]LogConfig: Setting CVar [[r.LightMaxDrawDistanceScale:1]]
[2019.03.11-08.41.21:832][  0]LogConfig: Setting CVar [[r.CapsuleShadows:1]]
[2019.03.11-08.41.21:832][  0]LogConfig: Applying CVar settings from Section [PostProcessQuality@3] File [C:/Users/vanja/Documents/Unreal Projects/Witch_Hunt/Saved/Config/Windows/Scalability.ini]
[2019.03.11-08.41.21:832][  0]LogConfig: Setting CVar [[r.MotionBlurQuality:4]]
[2019.03.11-08.41.21:832][  0]LogConfig: Setting CVar [[r.AmbientOcclusionMipLevelFactor:0.4]]
[2019.03.11-08.41.21:832][  0]LogConfig: Setting CVar [[r.AmbientOcclusionMaxQuality:100]]
[2019.03.11-08.41.21:832][  0]LogConfig: Setting CVar [[r.AmbientOcclusionLevels:-1]]
[2019.03.11-08.41.21:832][  0]LogConfig: Setting CVar [[r.AmbientOcclusionRadiusScale:1.0]]
[2019.03.11-08.41.21:832][  0]LogConfig: Setting CVar [[r.DepthOfFieldQuality:2]]
[2019.03.11-08.41.21:832][  0]LogConfig: Setting CVar [[r.RenderTargetPoolMin:400]]
[2019.03.11-08.41.21:832][  0]LogConfig: Setting CVar [[r.LensFlareQuality:2]]
[2019.03.11-08.41.21:832][  0]LogConfig: Setting CVar [[r.SceneColorFringeQuality:1]]
[2019.03.11-08.41.21:832][  0]LogConfig: Setting CVar [[r.EyeAdaptationQuality:2]]
[2019.03.11-08.41.21:832][  0]LogConfig: Setting CVar [[r.BloomQuality:5]]
[2019.03.11-08.41.21:832][  0]LogConfig: Setting CVar [[r.FastBlurThreshold:100]]
[2019.03.11-08.41.21:832][  0]LogConfig: Setting CVar [[r.Upscale.Quality:3]]
[2019.03.11-08.41.21:832][  0]LogConfig: Setting CVar [[r.Tonemapper.GrainQuantization:1]]
[2019.03.11-08.41.21:832][  0]LogConfig: Setting CVar [[r.LightShaftQuality:1]]
[2019.03.11-08.41.21:832][  0]LogConfig: Setting CVar [[r.Filter.SizeScale:1]]
[2019.03.11-08.41.21:832][  0]LogConfig: Setting CVar [[r.Tonemapper.Quality:5]]
[2019.03.11-08.41.21:832][  0]LogConfig: Setting CVar [[r.DOF.Gather.AccumulatorQuality:1        ; higher gathering accumulator quality]]
[2019.03.11-08.41.21:832][  0]LogConfig: Setting CVar [[r.DOF.Gather.PostfilterMethod:1          ; Median3x3 postfilering method]]
[2019.03.11-08.41.21:832][  0]LogConfig: Setting CVar [[r.DOF.Gather.EnableBokehSettings:0       ; no bokeh simulation when gathering]]
[2019.03.11-08.41.21:832][  0]LogConfig: Setting CVar [[r.DOF.Gather.RingCount:4                 ; medium number of samples when gathering]]
[2019.03.11-08.41.21:832][  0]LogConfig: Setting CVar [[r.DOF.Scatter.ForegroundCompositing:1    ; additive foreground scattering]]
[2019.03.11-08.41.21:832][  0]LogConfig: Setting CVar [[r.DOF.Scatter.BackgroundCompositing:2    ; additive background scattering]]
[2019.03.11-08.41.21:832][  0]LogConfig: Setting CVar [[r.DOF.Scatter.EnableBokehSettings:1      ; bokeh simulation when scattering]]
[2019.03.11-08.41.21:832][  0]LogConfig: Setting CVar [[r.DOF.Scatter.MaxSpriteRatio:0.1         ; only a maximum of 10% of scattered bokeh]]
[2019.03.11-08.41.21:832][  0]LogConfig: Setting CVar [[r.DOF.Recombine.Quality:1                ; cheap slight out of focus]]
[2019.03.11-08.41.21:832][  0]LogConfig: Setting CVar [[r.DOF.Recombine.EnableBokehSettings:0    ; no bokeh simulation on slight out of focus]]
[2019.03.11-08.41.21:832][  0]LogConfig: Setting CVar [[r.DOF.TemporalAAQuality:1                ; more stable temporal accumulation]]
[2019.03.11-08.41.21:833][  0]LogConfig: Setting CVar [[r.DOF.Kernel.MaxForegroundRadius:0.025]]
[2019.03.11-08.41.21:833][  0]LogConfig: Setting CVar [[r.DOF.Kernel.MaxBackgroundRadius:0.025]]
[2019.03.11-08.41.21:833][  0]LogConfig: Applying CVar settings from Section [TextureQuality@3] File [C:/Users/vanja/Documents/Unreal Projects/Witch_Hunt/Saved/Config/Windows/Scalability.ini]
[2019.03.11-08.41.21:833][  0]LogConfig: Setting CVar [[r.Streaming.MipBias:0]]
[2019.03.11-08.41.21:833][  0]LogConfig: Setting CVar [[r.Streaming.AmortizeCPUToGPUCopy:0]]
[2019.03.11-08.41.21:833][  0]LogConfig: Setting CVar [[r.Streaming.MaxNumTexturesToStreamPerFrame:0]]
[2019.03.11-08.41.21:833][  0]LogConfig: Setting CVar [[r.Streaming.Boost:1]]
[2019.03.11-08.41.21:833][  0]LogConfig: Setting CVar [[r.MaxAnisotropy:8]]
[2019.03.11-08.41.21:833][  0]LogConfig: Setting CVar [[r.Streaming.LimitPoolSizeToVRAM:0]]
[2019.03.11-08.41.21:833][  0]LogConfig: Setting CVar [[r.Streaming.PoolSize:1000]]
[2019.03.11-08.41.21:833][  0]LogConfig: Setting CVar [[r.Streaming.MaxEffectiveScreenSize:0]]
[2019.03.11-08.41.21:833][  0]LogConfig: Applying CVar settings from Section [EffectsQuality@3] File [C:/Users/vanja/Documents/Unreal Projects/Witch_Hunt/Saved/Config/Windows/Scalability.ini]
[2019.03.11-08.41.21:833][  0]LogConfig: Setting CVar [[r.TranslucencyLightingVolumeDim:64]]
[2019.03.11-08.41.21:833][  0]LogConfig: Setting CVar [[r.RefractionQuality:2]]
[2019.03.11-08.41.21:833][  0]LogConfig: Setting CVar [[r.SSR.Quality:3]]
[2019.03.11-08.41.21:833][  0]LogConfig: Setting CVar [[r.SceneColorFormat:4]]
[2019.03.11-08.41.21:833][  0]LogConfig: Setting CVar [[r.DetailMode:2]]
[2019.03.11-08.41.21:833][  0]LogConfig: Setting CVar [[r.TranslucencyVolumeBlur:1]]
[2019.03.11-08.41.21:833][  0]LogConfig: Setting CVar [[r.MaterialQualityLevel:1 ; High quality]]
[2019.03.11-08.41.21:833][  0]LogConfig: Setting CVar [[r.SSS.Scale:1]]
[2019.03.11-08.41.21:833][  0]LogConfig: Setting CVar [[r.SSS.SampleSet:2]]
[2019.03.11-08.41.21:833][  0]LogConfig: Setting CVar [[r.SSS.Quality:1]]
[2019.03.11-08.41.21:833][  0]LogConfig: Setting CVar [[r.SSS.HalfRes:1]]
[2019.03.11-08.41.21:833][  0]LogConfig: Setting CVar [[r.EmitterSpawnRateScale:1.0]]
[2019.03.11-08.41.21:833][  0]LogConfig: Setting CVar [[r.ParticleLightQuality:2]]
[2019.03.11-08.41.21:833][  0]LogConfig: Applying CVar settings from Section [FoliageQuality@3] File [C:/Users/vanja/Documents/Unreal Projects/Witch_Hunt/Saved/Config/Windows/Scalability.ini]
[2019.03.11-08.41.21:833][  0]LogConfig: Setting CVar [[foliage.DensityScale:1.0]]
[2019.03.11-08.41.21:833][  0]LogConfig: Setting CVar [[grass.DensityScale:1.0]]
[2019.03.11-08.41.21:833][  0]LogInit: Selected Device Profile: [Windows]
[2019.03.11-08.41.21:833][  0]LogInit: Applying CVar settings loaded from the selected device profile: [Windows]
[2019.03.11-08.41.21:857][  0]LogHAL: Display: Platform has ~ 16 GB [17018638336 / 17179869184 / 16], which maps to Larger [LargestMinGB=32, LargerMinGB=12, DefaultMinGB=8, SmallerMinGB=6, SmallestMinGB=0)
[2019.03.11-08.41.21:857][  0]LogConfig: Setting CVar [[r.Vulkan.UseRealUBs:1]]
[2019.03.11-08.41.21:857][  0]LogInit: Going up to parent DeviceProfile []
[2019.03.11-08.41.21:857][  0]LogConfig: Applying CVar settings from Section [ViewDistanceQuality@3] File [C:/Users/vanja/Documents/Unreal Projects/Witch_Hunt/Saved/Config/Windows/Scalability.ini]
[2019.03.11-08.41.21:857][  0]LogConfig: Setting CVar [[r.SkeletalMeshLODBias:0]]
[2019.03.11-08.41.21:857][  0]LogConfig: Setting CVar [[r.ViewDistanceScale:1.0]]
[2019.03.11-08.41.21:857][  0]LogConfig: Applying CVar settings from Section [AntiAliasingQuality@3] File [C:/Users/vanja/Documents/Unreal Projects/Witch_Hunt/Saved/Config/Windows/Scalability.ini]
[2019.03.11-08.41.21:857][  0]LogConfig: Setting CVar [[r.PostProcessAAQuality:4]]
[2019.03.11-08.41.21:857][  0]LogConfig: Applying CVar settings from Section [ShadowQuality@3] File [C:/Users/vanja/Documents/Unreal Projects/Witch_Hunt/Saved/Config/Windows/Scalability.ini]
[2019.03.11-08.41.21:857][  0]LogConfig: Setting CVar [[r.LightFunctionQuality:1]]
[2019.03.11-08.41.21:857][  0]LogConfig: Setting CVar [[r.ShadowQuality:5]]
[2019.03.11-08.41.21:857][  0]LogConfig: Setting CVar [[r.Shadow.CSM.MaxCascades:10]]
[2019.03.11-08.41.21:858][  0]LogConfig: Setting CVar [[r.Shadow.MaxResolution:2048]]
[2019.03.11-08.41.21:858][  0]LogConfig: Setting CVar [[r.Shadow.MaxCSMResolution:2048]]
[2019.03.11-08.41.21:858][  0]LogConfig: Setting CVar [[r.Shadow.RadiusThreshold:0.01]]
[2019.03.11-08.41.21:858][  0]LogConfig: Setting CVar [[r.Shadow.DistanceScale:1.0]]
[2019.03.11-08.41.21:858][  0]LogConfig: Setting CVar [[r.Shadow.CSM.TransitionScale:1.0]]
[2019.03.11-08.41.21:858][  0]LogConfig: Setting CVar [[r.Shadow.PreShadowResolutionFactor:1.0]]
[2019.03.11-08.41.21:858][  0]LogConfig: Setting CVar [[r.DistanceFieldShadowing:1]]
[2019.03.11-08.41.21:858][  0]LogConfig: Setting CVar [[r.DistanceFieldAO:1]]
[2019.03.11-08.41.21:858][  0]LogConfig: Setting CVar [[r.AOQuality:2]]
[2019.03.11-08.41.21:858][  0]LogConfig: Setting CVar [[r.VolumetricFog:1]]
[2019.03.11-08.41.21:858][  0]LogConfig: Setting CVar [[r.VolumetricFog.GridPixelSize:8]]
[2019.03.11-08.41.21:858][  0]LogConfig: Setting CVar [[r.VolumetricFog.GridSizeZ:128]]
[2019.03.11-08.41.21:858][  0]LogConfig: Setting CVar [[r.VolumetricFog.HistoryMissSupersampleCount:4]]
[2019.03.11-08.41.21:858][  0]LogConfig: Setting CVar [[r.LightMaxDrawDistanceScale:1]]
[2019.03.11-08.41.21:858][  0]LogConfig: Setting CVar [[r.CapsuleShadows:1]]
[2019.03.11-08.41.21:858][  0]LogConfig: Applying CVar settings from Section [PostProcessQuality@3] File [C:/Users/vanja/Documents/Unreal Projects/Witch_Hunt/Saved/Config/Windows/Scalability.ini]
[2019.03.11-08.41.21:858][  0]LogConfig: Setting CVar [[r.MotionBlurQuality:4]]
[2019.03.11-08.41.21:858][  0]LogConfig: Setting CVar [[r.AmbientOcclusionMipLevelFactor:0.4]]
[2019.03.11-08.41.21:858][  0]LogConfig: Setting CVar [[r.AmbientOcclusionMaxQuality:100]]
[2019.03.11-08.41.21:858][  0]LogConfig: Setting CVar [[r.AmbientOcclusionLevels:-1]]
[2019.03.11-08.41.21:858][  0]LogConfig: Setting CVar [[r.AmbientOcclusionRadiusScale:1.0]]
[2019.03.11-08.41.21:859][  0]LogConfig: Setting CVar [[r.DepthOfFieldQuality:2]]
[2019.03.11-08.41.21:859][  0]LogConfig: Setting CVar [[r.RenderTargetPoolMin:400]]
[2019.03.11-08.41.21:859][  0]LogConfig: Setting CVar [[r.LensFlareQuality:2]]
[2019.03.11-08.41.21:859][  0]LogConfig: Setting CVar [[r.SceneColorFringeQuality:1]]
[2019.03.11-08.41.21:859][  0]LogConfig: Setting CVar [[r.EyeAdaptationQuality:2]]
[2019.03.11-08.41.21:859][  0]LogConfig: Setting CVar [[r.BloomQuality:5]]
[2019.03.11-08.41.21:859][  0]LogConfig: Setting CVar [[r.FastBlurThreshold:100]]
[2019.03.11-08.41.21:859][  0]LogConfig: Setting CVar [[r.Upscale.Quality:3]]
[2019.03.11-08.41.21:859][  0]LogConfig: Setting CVar [[r.Tonemapper.GrainQuantization:1]]
[2019.03.11-08.41.21:859][  0]LogConfig: Setting CVar [[r.LightShaftQuality:1]]
[2019.03.11-08.41.21:859][  0]LogConfig: Setting CVar [[r.Filter.SizeScale:1]]
[2019.03.11-08.41.21:859][  0]LogConfig: Setting CVar [[r.Tonemapper.Quality:5]]
[2019.03.11-08.41.21:859][  0]LogConfig: Setting CVar [[r.DOF.Gather.AccumulatorQuality:1        ; higher gathering accumulator quality]]
[2019.03.11-08.41.21:859][  0]LogConfig: Setting CVar [[r.DOF.Gather.PostfilterMethod:1          ; Median3x3 postfilering method]]
[2019.03.11-08.41.21:859][  0]LogConfig: Setting CVar [[r.DOF.Gather.EnableBokehSettings:0       ; no bokeh simulation when gathering]]
[2019.03.11-08.41.21:859][  0]LogConfig: Setting CVar [[r.DOF.Gather.RingCount:4                 ; medium number of samples when gathering]]
[2019.03.11-08.41.21:859][  0]LogConfig: Setting CVar [[r.DOF.Scatter.ForegroundCompositing:1    ; additive foreground scattering]]
[2019.03.11-08.41.21:859][  0]LogConfig: Setting CVar [[r.DOF.Scatter.BackgroundCompositing:2    ; additive background scattering]]
[2019.03.11-08.41.21:860][  0]LogConfig: Setting CVar [[r.DOF.Scatter.EnableBokehSettings:1      ; bokeh simulation when scattering]]
[2019.03.11-08.41.21:860][  0]LogConfig: Setting CVar [[r.DOF.Scatter.MaxSpriteRatio:0.1         ; only a maximum of 10% of scattered bokeh]]
[2019.03.11-08.41.21:860][  0]LogConfig: Setting CVar [[r.DOF.Recombine.Quality:1                ; cheap slight out of focus]]
[2019.03.11-08.41.21:860][  0]LogConfig: Setting CVar [[r.DOF.Recombine.EnableBokehSettings:0    ; no bokeh simulation on slight out of focus]]
[2019.03.11-08.41.21:860][  0]LogConfig: Setting CVar [[r.DOF.TemporalAAQuality:1                ; more stable temporal accumulation]]
[2019.03.11-08.41.21:860][  0]LogConfig: Setting CVar [[r.DOF.Kernel.MaxForegroundRadius:0.025]]
[2019.03.11-08.41.21:860][  0]LogConfig: Setting CVar [[r.DOF.Kernel.MaxBackgroundRadius:0.025]]
[2019.03.11-08.41.21:860][  0]LogConfig: Applying CVar settings from Section [TextureQuality@3] File [C:/Users/vanja/Documents/Unreal Projects/Witch_Hunt/Saved/Config/Windows/Scalability.ini]
[2019.03.11-08.41.21:860][  0]LogConfig: Setting CVar [[r.Streaming.MipBias:0]]
[2019.03.11-08.41.21:860][  0]LogConfig: Setting CVar [[r.Streaming.AmortizeCPUToGPUCopy:0]]
[2019.03.11-08.41.21:860][  0]LogConfig: Setting CVar [[r.Streaming.MaxNumTexturesToStreamPerFrame:0]]
[2019.03.11-08.41.21:860][  0]LogConfig: Setting CVar [[r.Streaming.Boost:1]]
[2019.03.11-08.41.21:860][  0]LogConfig: Setting CVar [[r.MaxAnisotropy:8]]
[2019.03.11-08.41.21:860][  0]LogConfig: Setting CVar [[r.Streaming.LimitPoolSizeToVRAM:0]]
[2019.03.11-08.41.21:860][  0]LogConfig: Setting CVar [[r.Streaming.PoolSize:1000]]
[2019.03.11-08.41.21:860][  0]LogConfig: Setting CVar [[r.Streaming.MaxEffectiveScreenSize:0]]
[2019.03.11-08.41.21:860][  0]LogConfig: Applying CVar settings from Section [EffectsQuality@3] File [C:/Users/vanja/Documents/Unreal Projects/Witch_Hunt/Saved/Config/Windows/Scalability.ini]
[2019.03.11-08.41.21:860][  0]LogConfig: Setting CVar [[r.TranslucencyLightingVolumeDim:64]]
[2019.03.11-08.41.21:860][  0]LogConfig: Setting CVar [[r.RefractionQuality:2]]
[2019.03.11-08.41.21:861][  0]LogConfig: Setting CVar [[r.SSR.Quality:3]]
[2019.03.11-08.41.21:861][  0]LogConfig: Setting CVar [[r.SceneColorFormat:4]]
[2019.03.11-08.41.21:861][  0]LogConfig: Setting CVar [[r.DetailMode:2]]
[2019.03.11-08.41.21:861][  0]LogConfig: Setting CVar [[r.TranslucencyVolumeBlur:1]]
[2019.03.11-08.41.21:861][  0]LogConfig: Setting CVar [[r.MaterialQualityLevel:1 ; High quality]]
[2019.03.11-08.41.21:861][  0]LogConfig: Setting CVar [[r.SSS.Scale:1]]
[2019.03.11-08.41.21:861][  0]LogConfig: Setting CVar [[r.SSS.SampleSet:2]]
[2019.03.11-08.41.21:861][  0]LogConfig: Setting CVar [[r.SSS.Quality:1]]
[2019.03.11-08.41.21:861][  0]LogConfig: Setting CVar [[r.SSS.HalfRes:1]]
[2019.03.11-08.41.21:861][  0]LogConfig: Setting CVar [[r.EmitterSpawnRateScale:1.0]]
[2019.03.11-08.41.21:861][  0]LogConfig: Setting CVar [[r.ParticleLightQuality:2]]
[2019.03.11-08.41.21:861][  0]LogConfig: Applying CVar settings from Section [FoliageQuality@3] File [C:/Users/vanja/Documents/Unreal Projects/Witch_Hunt/Saved/Config/Windows/Scalability.ini]
[2019.03.11-08.41.21:861][  0]LogConfig: Setting CVar [[foliage.DensityScale:1.0]]
[2019.03.11-08.41.21:861][  0]LogConfig: Setting CVar [[grass.DensityScale:1.0]]
[2019.03.11-08.41.21:861][  0]LogConfig: Applying CVar settings from Section [Startup] File [../../../Engine/Config/ConsoleVariables.ini]
[2019.03.11-08.41.21:862][  0]LogConfig: Setting CVar [[net.UseAdaptiveNetUpdateFrequency:0]]
[2019.03.11-08.41.21:862][  0]LogConfig: Applying CVar settings from Section [ConsoleVariables] File [C:/Users/vanja/Documents/Unreal Projects/Witch_Hunt/Saved/Config/Windows/Engine.ini]
[2019.03.11-08.41.21:863][  0]LogInit: Computer: MSI
[2019.03.11-08.41.21:863][  0]LogInit: User: vanja
[2019.03.11-08.41.21:863][  0]LogInit: CPU Page size=4096, Cores=6
[2019.03.11-08.41.21:863][  0]LogInit: High frequency timer resolution =10.000000 MHz
[2019.03.11-08.41.21:864][  0]LogMemory: Memory total: Physical=15.8GB (16GB approx)
[2019.03.11-08.41.21:864][  0]LogMemory: Platform Memory Stats for Windows
[2019.03.11-08.41.21:864][  0]LogMemory: Process Physical Memory: 103.71 MB used, 103.72 MB peak
[2019.03.11-08.41.21:864][  0]LogMemory: Process Virtual Memory: 86.48 MB used, 86.48 MB peak
[2019.03.11-08.41.21:864][  0]LogMemory: Physical Memory: 8280.20 MB used,  7950.04 MB free, 16230.24 MB total
[2019.03.11-08.41.21:864][  0]LogMemory: Virtual Memory: 4662.29 MB used,  134213064.00 MB free, 134217728.00 MB total
[2019.03.11-08.41.22:637][  0]LogInit: Using OS detected language (nb-NO).
[2019.03.11-08.41.22:637][  0]LogInit: Using OS detected locale (nb-NO).
[2019.03.11-08.41.22:637][  0]LogTextLocalizationManager: No localization for 'nb-NO' exists, so 'en' will be used for the language.
[2019.03.11-08.41.23:000][  0]LogStreaming: Display: Took  0.364s to InitEngineTextLocalization.
[2019.03.11-08.41.23:000][  0]LogInit: Setting process to per monitor DPI aware
[2019.03.11-08.41.23:035][  0]LogSlate: New Slate User Created.  User Index 0, Is Virtual User: 0
[2019.03.11-08.41.23:035][  0]LogSlate: Slate User Registered.  User Index 0, Is Virtual User: 0
[2019.03.11-08.41.23:454][  0]LogHMD: Failed to initialize OpenVR with code 110
[2019.03.11-08.41.23:454][  0]LogD3D11RHI: D3D11 adapters:
[2019.03.11-08.41.23:518][  0]LogD3D11RHI:    0. 'NVIDIA GeForce GTX 1070' (Feature Level 11_0)
[2019.03.11-08.41.23:518][  0]LogD3D11RHI:       8081/0/8115 MB DedicatedVideo/DedicatedSystem/SharedSystem, Outputs:1, VendorId:0x10de
[2019.03.11-08.41.23:538][  0]LogD3D11RHI:    1. 'Intel(R) UHD Graphics 630' (Feature Level 11_0)
[2019.03.11-08.41.23:538][  0]LogD3D11RHI:       128/0/8115 MB DedicatedVideo/DedicatedSystem/SharedSystem, Outputs:0, VendorId:0x8086
[2019.03.11-08.41.23:540][  0]LogD3D11RHI:    2. 'Microsoft Basic Render Driver' (Feature Level 11_0)
[2019.03.11-08.41.23:540][  0]LogD3D11RHI:       0/0/8115 MB DedicatedVideo/DedicatedSystem/SharedSystem, Outputs:0, VendorId:0x1414
[2019.03.11-08.41.23:540][  0]LogD3D11RHI: Chosen D3D11 Adapter: 0
[2019.03.11-08.41.23:571][  0]LogD3D11RHI: Creating new Direct3DDevice
[2019.03.11-08.41.23:571][  0]LogD3D11RHI:     GPU DeviceId: 0x1ba1 (for the marketing name, search the web for "GPU Device Id")
[2019.03.11-08.41.23:571][  0]LogWindows: EnumDisplayDevices:
[2019.03.11-08.41.23:572][  0]LogWindows:    0. 'Intel(R) UHD Graphics 630' (P:1 D:1)
[2019.03.11-08.41.23:572][  0]LogWindows:    1. 'Intel(R) UHD Graphics 630' (P:0 D:0)
[2019.03.11-08.41.23:572][  0]LogWindows:    2. 'Intel(R) UHD Graphics 630' (P:0 D:0)
[2019.03.11-08.41.23:572][  0]LogWindows:    3. 'NVIDIA GeForce GTX 1070' (P:0 D:0)
[2019.03.11-08.41.23:573][  0]LogWindows:    4. 'NVIDIA GeForce GTX 1070' (P:0 D:0)
[2019.03.11-08.41.23:573][  0]LogWindows:    5. 'NVIDIA GeForce GTX 1070' (P:0 D:0)
[2019.03.11-08.41.23:573][  0]LogWindows:    6. 'NVIDIA GeForce GTX 1070' (P:0 D:0)
[2019.03.11-08.41.23:573][  0]LogWindows: DebugString: PrimaryIsNotTheChoosenAdapter PrimaryIsNotTheChoosenAdapter PrimaryIsNotTheChoosenAdapter FoundDriverCount:4 
[2019.03.11-08.41.23:573][  0]LogD3D11RHI:     Adapter Name: NVIDIA GeForce GTX 1070
[2019.03.11-08.41.23:573][  0]LogD3D11RHI:   Driver Version: 418.81 (internal:25.21.14.1881, unified:418.81)
[2019.03.11-08.41.23:573][  0]LogD3D11RHI:      Driver Date: 1-30-2019
[2019.03.11-08.41.23:574][  0]LogRHI: Texture pool is 5656 MB (70% of 8081 MB)
[2019.03.11-08.41.23:617][  0]LogD3D11RHI: Async texture creation enabled
[2019.03.11-08.41.23:629][  0]LogD3D11RHI: GPU Timing Frequency: 1000.000000 (Debug: 2 1)
[2019.03.11-08.41.24:600][  0]LogTemp: Display: Loaded TP AllDesktopTargetPlatform
[2019.03.11-08.41.24:618][  0]LogTemp: Display: Loaded TP MacClientTargetPlatform
[2019.03.11-08.41.24:630][  0]LogTemp: Display: Loaded TP MacNoEditorTargetPlatform
[2019.03.11-08.41.24:642][  0]LogTemp: Display: Loaded TP MacServerTargetPlatform
[2019.03.11-08.41.24:654][  0]LogTemp: Display: Loaded TP MacTargetPlatform
[2019.03.11-08.41.24:665][  0]LogTemp: Display: Loaded TP WindowsClientTargetPlatform
[2019.03.11-08.41.24:676][  0]LogTemp: Display: Loaded TP WindowsNoEditorTargetPlatform
[2019.03.11-08.41.24:687][  0]LogTemp: Display: Loaded TP WindowsServerTargetPlatform
[2019.03.11-08.41.24:692][  0]LogTemp: Display: Loaded TP WindowsTargetPlatform
[2019.03.11-08.41.24:763][  0]LogTemp: Display: Loaded TP AndroidTargetPlatform
[2019.03.11-08.41.24:763][  0]LogTemp: Display: Loaded TP AndroidTargetPlatform
[2019.03.11-08.41.24:763][  0]LogTemp: Display: Loaded TP AndroidTargetPlatform
[2019.03.11-08.41.24:763][  0]LogTemp: Display: Loaded TP AndroidTargetPlatform
[2019.03.11-08.41.24:763][  0]LogTemp: Display: Loaded TP AndroidTargetPlatform
[2019.03.11-08.41.24:763][  0]LogTemp: Display: Loaded TP AndroidTargetPlatform
[2019.03.11-08.41.24:763][  0]LogTemp: Display: Loaded TP AndroidTargetPlatform
[2019.03.11-08.41.24:763][  0]LogTemp: Display: Loaded TP AndroidTargetPlatform
[2019.03.11-08.41.24:763][  0]LogTemp: Display: Loaded TP AndroidTargetPlatform
[2019.03.11-08.41.24:763][  0]LogTemp: Display: Loaded TP AndroidTargetPlatform
[2019.03.11-08.41.24:763][  0]LogTemp: Display: Loaded TP AndroidTargetPlatform
[2019.03.11-08.41.24:763][  0]LogTemp: Display: Loaded TP AndroidTargetPlatform
[2019.03.11-08.41.24:763][  0]LogTemp: Display: Loaded TP AndroidTargetPlatform
[2019.03.11-08.41.24:763][  0]LogTemp: Display: Loaded TP AndroidTargetPlatform
[2019.03.11-08.41.24:763][  0]LogTemp: Display: Loaded TP AndroidTargetPlatform
[2019.03.11-08.41.24:763][  0]LogTemp: Display: Loaded TP AndroidTargetPlatform
[2019.03.11-08.41.24:763][  0]LogTemp: Display: Loaded TP AndroidTargetPlatform
[2019.03.11-08.41.24:763][  0]LogTemp: Display: Loaded TP AndroidTargetPlatform
[2019.03.11-08.41.24:764][  0]LogTemp: Display: Loaded TP HTML5TargetPlatform
[2019.03.11-08.41.24:828][  0]LogTemp: Display: Loaded TP IOSTargetPlatform
[2019.03.11-08.41.24:828][  0]LogTemp: Display: Loaded TP IOSTargetPlatform
[2019.03.11-08.41.24:877][  0]LogTemp: Display: Loaded TP TVOSTargetPlatform
[2019.03.11-08.41.24:877][  0]LogTemp: Display: Loaded TP TVOSTargetPlatform
[2019.03.11-08.41.24:915][  0]LogTemp: Display: Loaded TP LinuxClientTargetPlatform
[2019.03.11-08.41.24:938][  0]LogTemp: Display: Loaded TP LinuxNoEditorTargetPlatform
[2019.03.11-08.41.24:952][  0]LogTemp: Display: Loaded TP LinuxServerTargetPlatform
[2019.03.11-08.41.24:963][  0]LogTemp: Display: Loaded TP LinuxTargetPlatform
[2019.03.11-08.41.25:027][  0]LogTemp: Display: Loaded TP LuminTargetPlatform
[2019.03.11-08.41.25:027][  0]LogTemp: Display: Loaded TP LuminTargetPlatform
[2019.03.11-08.41.25:027][  0]LogTargetPlatformManager: Display: Building Assets For Windows
[2019.03.11-08.41.25:083][  0]LogShaderCompilers: Guid format shader working directory is -20 characters bigger than the processId version (../../../../../../Users/vanja/Documents/Unreal Projects/Witch_Hunt/Intermediate/Shaders/WorkingDirectory/1848/).
[2019.03.11-08.41.25:083][  0]LogShaderCompilers: Cleaned the shader compiler working directory 'C:/Users/vanja/AppData/Local/Temp/UnrealShaderWorkingDir/B40BE3CB45E9A3A1429F0BAEFBF8FABE/'.
[2019.03.11-08.41.25:085][  0]LogXGEController: Cannot use XGE Controller as Incredibuild is not installed on this machine.
[2019.03.11-08.41.25:085][  0]LogShaderCompilers: Cannot use XGE Shader Compiler as Incredibuild is not installed on this machine.
[2019.03.11-08.41.25:085][  0]LogShaderCompilers: Display: Using Local Shader Compiler.
[2019.03.11-08.41.25:566][  0]LogDerivedDataCache: Display: Max Cache Size: 512 MB
[2019.03.11-08.41.25:616][  0]LogDerivedDataCache: Loaded boot cache 0.05s 71MB C:/Users/vanja/AppData/Local/UnrealEngine/4.21/DerivedDataCache/Boot.ddc.
[2019.03.11-08.41.25:616][  0]LogDerivedDataCache: Display: Loaded Boot cache: C:/Users/vanja/AppData/Local/UnrealEngine/4.21/DerivedDataCache/Boot.ddc
[2019.03.11-08.41.25:616][  0]LogDerivedDataCache: FDerivedDataBackendGraph:  Pak pak cache file ../../../../../../Users/vanja/Documents/Unreal Projects/Witch_Hunt/DerivedDataCache/DDC.ddp not found, will not use a pak cache.
[2019.03.11-08.41.25:616][  0]LogDerivedDataCache: Unable to find inner node Pak for hierarchical cache Hierarchy.
[2019.03.11-08.41.25:616][  0]LogDerivedDataCache: FDerivedDataBackendGraph:  CompressedPak pak cache file ../../../../../../Users/vanja/Documents/Unreal Projects/Witch_Hunt/DerivedDataCache/Compressed.ddp not found, will not use a pak cache.
[2019.03.11-08.41.25:616][  0]LogDerivedDataCache: Unable to find inner node CompressedPak for hierarchical cache Hierarchy.
[2019.03.11-08.41.25:629][  0]LogDerivedDataCache: Display: Pak cache opened for reading ../../../Engine/DerivedDataCache/Compressed.ddp.
[2019.03.11-08.41.25:629][  0]LogDerivedDataCache: FDerivedDataBackendGraph:  EnterprisePak pak cache file ../../../Enterprise/DerivedDataCache/Compressed.ddp not found, will not use a pak cache.
[2019.03.11-08.41.25:629][  0]LogDerivedDataCache: Unable to find inner node EnterprisePak for hierarchical cache Hierarchy.
[2019.03.11-08.41.25:642][  0]LogDerivedDataCache: Using Local data cache path C:/Users/vanja/AppData/Local/UnrealEngine/Common/DerivedDataCache: Writable
[2019.03.11-08.41.25:642][  0]LogDerivedDataCache: Shared data cache path not found in *engine.ini, will not use an Shared cache.
[2019.03.11-08.41.25:642][  0]LogDerivedDataCache: Unable to find inner node Shared for hierarchical cache Hierarchy.
[2019.03.11-08.41.25:662][  0]LogMaterial: Verifying Global Shaders for PCD3D_SM5
[2019.03.11-08.41.25:663][  0]LogSlate: Using FreeType 2.6.0
[2019.03.11-08.41.25:668][  0]LogSlate: SlateFontServices - WITH_FREETYPE: 1, WITH_HARFBUZZ: 1
[2019.03.11-08.41.25:812][  0]LogAssetRegistry: FAssetRegistry took 0.0405 seconds to start up
[2019.03.11-08.41.26:148][  0]LogInit: Selected Device Profile: [Windows]
[2019.03.11-08.41.26:397][  0]LogSimplygon: Simplygon DLL not present - disabling.
[2019.03.11-08.41.26:400][  0]LogMeshReduction: Using SimplygonSwarm for distributed automatic mesh merging
[2019.03.11-08.41.26:400][  0]LogMeshReduction: Using ProxyLODMeshReduction for automatic mesh merging
[2019.03.11-08.41.26:400][  0]LogMeshReduction: Using QuadricMeshReduction for automatic static mesh reduction
[2019.03.11-08.41.26:400][  0]LogMeshReduction: No automatic skeletal mesh reduction module available
[2019.03.11-08.41.26:419][  0]LogNetVersion: MyProject 1.0.0, NetCL: 4541578, EngineNetVer: 5, GameNetVer: 0 (Checksum: 1637960414)
[2019.03.11-08.41.27:406][  0]LogPackageLocalizationCache: Processed 11 localized package path(s) for 1 prioritized culture(s) in 0.069106 seconds
[2019.03.11-08.41.27:412][  0]LogUObjectArray: 39775 objects as part of root set at end of initial load.
[2019.03.11-08.41.27:412][  0]LogUObjectAllocator: 6914656 out of 0 bytes used by permanent object pool.
[2019.03.11-08.41.27:412][  0]LogUObjectArray: CloseDisregardForGC: 0/0 objects in disregard for GC pool
[2019.03.11-08.41.28:757][  0]LogTcpMessaging: Initializing TcpMessaging bridge
[2019.03.11-08.41.28:772][  0]LogUdpMessaging: Initializing bridge on interface 0.0.0.0:0 to multicast group 230.0.0.1:6666.
[2019.03.11-08.41.29:636][  0]SourceControl: Source control is disabled
[2019.03.11-08.41.29:636][  0]SourceControl: Source control is disabled
[2019.03.11-08.41.29:637][  0]SourceControl: Source control is disabled
[2019.03.11-08.41.29:638][  0]SourceControl: Source control is disabled
[2019.03.11-08.41.29:830][  0]LogAndroidPermission: UAndroidPermissionCallbackProxy::GetInstance
[2019.03.11-08.41.29:935][  0]LogOcInput: OculusInput pre-init called
[2019.03.11-08.41.30:098][  0]LogEngine: Initializing Engine...
[2019.03.11-08.41.30:101][  0]LogHMD: Failed to initialize OpenVR with code 110
[2019.03.11-08.41.30:104][  0]LogStats: UGameplayTagsManager::ConstructGameplayTagTree: ImportINI prefixes -  0.000 s
[2019.03.11-08.41.30:104][  0]LogStats: UGameplayTagsManager::ConstructGameplayTagTree: Construct from data asset -  0.000 s
[2019.03.11-08.41.30:104][  0]LogStats: UGameplayTagsManager::ConstructGameplayTagTree: ImportINI -  0.000 s
[2019.03.11-08.41.30:104][  0]LogStats: UGameplayTagsManager::ConstructGameplayTagTree: GameplayTagTreeChangedEvent.Broadcast -  0.000 s
[2019.03.11-08.41.30:596][  0]LogInit: Initializing FReadOnlyCVARCache
[2019.03.11-08.41.30:623][  0]LogAIModule: Creating AISystem for world Untitled
[2019.03.11-08.41.30:672][  0]LogInit: XAudio2 using 'Høyttalere (Realtek(R) Audio)' : 6 channels at 48 kHz using 32 bits per sample (channel mask 0x3f)
[2019.03.11-08.41.30:812][  0]LogInit: FAudioDevice initialized.
[2019.03.11-08.41.30:813][  0]LogNetVersion: Set ProjectVersion to 1.0.0.0. Version Checksum will be recalculated on next use.
[2019.03.11-08.41.30:958][  0]LogDerivedDataCache: Saved boot cache 0.15s 71MB C:/Users/vanja/AppData/Local/UnrealEngine/4.21/DerivedDataCache/Boot.ddc.
[2019.03.11-08.41.30:959][  0]LogInit: Texture streaming: Enabled
[2019.03.11-08.41.30:998][  0]LogEngineSessionManager: EngineSessionManager initialized
[2019.03.11-08.41.31:021][  0]LogInit: Transaction tracking system initialized
[2019.03.11-08.41.31:057][  0]BlueprintLog: New page: Editor Load
[2019.03.11-08.41.31:175][  0]LocalizationService: Localization service is disabled
[2019.03.11-08.41.31:946][  0]LogFileCache: Scanning file cache for directory 'C:/Users/vanja/Documents/Unreal Projects/Witch_Hunt/Content/' took 0.02s
[2019.03.11-08.41.31:946][  0]LogCook: Display: Max memory allowance for cook 16384mb min free memory 0mb
[2019.03.11-08.41.31:946][  0]LogCook: Display: Mobile HDR setting 1
[2019.03.11-08.41.31:946][  0]LogGameplayTags: Display: UGameplayTagsManager::DoneAddingNativeTags. DelegateIsBound: 0
[2019.03.11-08.41.31:946][  0]LogStats: UGameplayTagsManager::ConstructGameplayTagTree: ImportINI prefixes -  0.000 s
[2019.03.11-08.41.31:946][  0]LogStats: UGameplayTagsManager::ConstructGameplayTagTree: Construct from data asset -  0.000 s
[2019.03.11-08.41.31:947][  0]LogStats: UGameplayTagsManager::ConstructGameplayTagTree: ImportINI -  0.000 s
[2019.03.11-08.41.31:947][  0]LogStats: UGameplayTagsManager::ConstructGameplayTagTree: GameplayTagTreeChangedEvent.Broadcast -  0.000 s
[2019.03.11-08.41.32:156][  0]SourceControl: Source control is disabled
[2019.03.11-08.41.32:156][  0]Cmd: MAP LOAD FILE="../../../Engine/Content/Maps/Templates/Template_Default.umap" TEMPLATE=1 SHOWPROGRESS=1 FEATURELEVEL=3
[2019.03.11-08.41.32:157][  0]LightingResults: New page: Lighting Build
[2019.03.11-08.41.32:159][  0]MapCheck: New page: Map Check
[2019.03.11-08.41.32:159][  0]LightingResults: New page: Lighting Build
[2019.03.11-08.41.32:455][  0]LogAIModule: Creating AISystem for world Untitled_1
[2019.03.11-08.41.32:468][  0]LogEditorServer: Finished looking for orphan Actors (0.000 secs)
[2019.03.11-08.41.32:510][  0]Cmd: MAP CHECKDEP NOCLEARLOG
[2019.03.11-08.41.32:510][  0]MapCheck: Map check complete: 0 Error(s), 0 Warning(s), took 0,151ms to complete.
[2019.03.11-08.41.32:510][  0]LogFileHelpers: Loading map 'Template_Default' took 0.354
[2019.03.11-08.41.32:634][  0]LogSlate: Updating window title bar state: overlay mode, drag disabled, window buttons hidden, title bar hidden
[2019.03.11-08.41.32:646][  0]LogSlate: Updating window title bar state: overlay mode, drag disabled, window buttons hidden, title bar hidden
[2019.03.11-08.41.32:664][  0]LogSlate: Updating window title bar state: overlay mode, drag disabled, window buttons hidden, title bar hidden
[2019.03.11-08.41.32:684][  0]LogSlate: Updating window title bar state: overlay mode, drag disabled, window buttons hidden, title bar hidden
[2019.03.11-08.41.32:706][  0]LogCollectionManager: Loaded 0 collections in 0.004183 seconds
[2019.03.11-08.41.32:747][  0]LogFileCache: Scanning file cache for directory 'C:/Users/vanja/Documents/Unreal Projects/Witch_Hunt/Saved/Collections/' took 0.01s
[2019.03.11-08.41.32:747][  0]LogFileCache: Scanning file cache for directory 'C:/Users/vanja/Documents/Unreal Projects/Witch_Hunt/Content/Developers/vanja/Collections/' took 0.00s
[2019.03.11-08.41.32:747][  0]LogFileCache: Scanning file cache for directory 'C:/Users/vanja/Documents/Unreal Projects/Witch_Hunt/Content/Collections/' took 0.00s
[2019.03.11-08.41.32:747][  0]LogCollectionManager: Rebuilt the GUID cache for 0 collections in 0.000000 seconds
[2019.03.11-08.41.32:767][  0]LogContentBrowser: Native class hierarchy populated in 0.0181 seconds. Added 2651 classes and 620 folders.
[2019.03.11-08.41.32:791][  0]LogContentBrowser: Native class hierarchy updated for 'WidgetCarousel' in 0.0005 seconds. Added 0 classes and 0 folders.
[2019.03.11-08.41.32:801][  0]LogPakFile: Registered encryption key '00000000000000000000000000000000': 0 pak files mounted, 0 remain pending
[2019.03.11-08.41.32:806][  0]LogPakFile: Registered encryption key '00000000000000000000000000000000': 0 pak files mounted, 0 remain pending
[2019.03.11-08.41.32:810][  0]LogPakFile: Registered encryption key '00000000000000000000000000000000': 0 pak files mounted, 0 remain pending
[2019.03.11-08.41.32:813][  0]LogPakFile: Registered encryption key '00000000000000000000000000000000': 0 pak files mounted, 0 remain pending
[2019.03.11-08.41.32:816][  0]LogPakFile: Registered encryption key '00000000000000000000000000000000': 0 pak files mounted, 0 remain pending
[2019.03.11-08.41.32:820][  0]LogPakFile: Registered encryption key '00000000000000000000000000000000': 0 pak files mounted, 0 remain pending
[2019.03.11-08.41.32:823][  0]LogPakFile: Registered encryption key '00000000000000000000000000000000': 0 pak files mounted, 0 remain pending
[2019.03.11-08.41.32:826][  0]LogPakFile: Registered encryption key '00000000000000000000000000000000': 0 pak files mounted, 0 remain pending
[2019.03.11-08.41.32:832][  0]LogPakFile: Registered encryption key '00000000000000000000000000000000': 0 pak files mounted, 0 remain pending
[2019.03.11-08.41.32:835][  0]LogPakFile: Registered encryption key '00000000000000000000000000000000': 0 pak files mounted, 0 remain pending
[2019.03.11-08.41.32:839][  0]LogPakFile: Registered encryption key '00000000000000000000000000000000': 0 pak files mounted, 0 remain pending
[2019.03.11-08.41.32:842][  0]LogPakFile: Registered encryption key '00000000000000000000000000000000': 0 pak files mounted, 0 remain pending
[2019.03.11-08.41.32:845][  0]LogPakFile: Registered encryption key '00000000000000000000000000000000': 0 pak files mounted, 0 remain pending
[2019.03.11-08.41.32:848][  0]LogPakFile: Registered encryption key '00000000000000000000000000000000': 0 pak files mounted, 0 remain pending
[2019.03.11-08.41.32:853][  0]LogPakFile: Registered encryption key '00000000000000000000000000000000': 0 pak files mounted, 0 remain pending
[2019.03.11-08.41.32:857][  0]LogPakFile: Registered encryption key '00000000000000000000000000000000': 0 pak files mounted, 0 remain pending
[2019.03.11-08.41.32:860][  0]LogPakFile: Registered encryption key '00000000000000000000000000000000': 0 pak files mounted, 0 remain pending
[2019.03.11-08.41.32:864][  0]LogPakFile: Registered encryption key '00000000000000000000000000000000': 0 pak files mounted, 0 remain pending
[2019.03.11-08.41.32:868][  0]LogPakFile: Registered encryption key '00000000000000000000000000000000': 0 pak files mounted, 0 remain pending
[2019.03.11-08.41.32:872][  0]LogPakFile: Registered encryption key '00000000000000000000000000000000': 0 pak files mounted, 0 remain pending
[2019.03.11-08.41.32:876][  0]LogPakFile: Registered encryption key '00000000000000000000000000000000': 0 pak files mounted, 0 remain pending
[2019.03.11-08.41.32:881][  0]LogPakFile: Registered encryption key '00000000000000000000000000000000': 0 pak files mounted, 0 remain pending
[2019.03.11-08.41.32:885][  0]LogPakFile: Registered encryption key '00000000000000000000000000000000': 0 pak files mounted, 0 remain pending
[2019.03.11-08.41.32:889][  0]LogPakFile: Registered encryption key '00000000000000000000000000000000': 0 pak files mounted, 0 remain pending
[2019.03.11-08.41.32:896][  0]LogPakFile: Registered encryption key '00000000000000000000000000000000': 0 pak files mounted, 0 remain pending
[2019.03.11-08.41.32:901][  0]LogPakFile: Registered encryption key '00000000000000000000000000000000': 0 pak files mounted, 0 remain pending
[2019.03.11-08.41.33:172][  0]LogContentBrowser: Native class hierarchy updated for 'AddContentDialog' in 0.0008 seconds. Added 0 classes and 0 folders.
[2019.03.11-08.41.33:225][  0]LogContentBrowser: Native class hierarchy updated for 'SceneOutliner' in 0.0009 seconds. Added 1 classes and 2 folders.
[2019.03.11-08.41.33:343][  0]LogSlate: Took 0.000505 seconds to synchronously load lazily loaded font '../../../Engine/Content/Slate/Fonts/Roboto-Regular.ttf' (155K)
[2019.03.11-08.41.33:353][  0]LogSlate: Took 0.000550 seconds to synchronously load lazily loaded font '../../../Engine/Content/Slate/Fonts/Roboto-Bold.ttf' (160K)
[2019.03.11-08.41.33:391][  0]LogSlate: Took 0.016059 seconds to synchronously load lazily loaded font '../../../Engine/Content/Editor/Slate/Fonts/FontAwesome.ttf' (139K)
[2019.03.11-08.41.33:641][  0]LogRenderer: Reallocating scene render targets to support 1208x576 Format 10 NumSamples 1 (Frame:1).
[2019.03.11-08.41.33:838][  0]LogSlate: FSceneViewport::OnFocusLost() reason 2
[2019.03.11-08.41.33:866][  0]LogSlate: Window 'Tutorials' being destroyed
[2019.03.11-08.41.33:903][  0]LogContentBrowser: Native class hierarchy updated for 'HierarchicalLODOutliner' in 0.0003 seconds. Added 0 classes and 0 folders.
[2019.03.11-08.41.33:903][  0]LogLoad: (Engine Initialization) Total time: 14.44 seconds
[2019.03.11-08.41.33:903][  0]LogLoad: (Engine Initialization) Total Blueprint compile time: 0.00 seconds
[2019.03.11-08.41.34:017][  0]LogContentStreaming: Texture pool size now 1000 MB
[2019.03.11-08.41.34:150][  2]LogAssetRegistry: Asset discovery search completed in 8.3605 seconds
[2019.03.11-08.41.34:152][  2]LogCollectionManager: Rebuilt the object cache for 0 collections in 0.000000 seconds (found 0 objects)
[2019.03.11-08.41.34:152][  2]LogCollectionManager: Fixed up redirectors for 0 collections in 0.000052 seconds (updated 0 objects)
[2019.03.11-08.41.37:931][113]LogEditorViewport: Clicking on Actor (LMB): StaticMeshActor (Floor)
[2019.03.11-08.41.38:075][113]LogSlate: Took 0.000968 seconds to synchronously load lazily loaded font '../../../Engine/Content/Slate/Fonts/Roboto-Light.ttf' (167K)
[2019.03.11-08.41.47:535][367]LogSlate: FSceneViewport::OnFocusLost() reason 2
[2019.03.11-08.41.49:972][425]LogSlate: FSceneViewport::OnFocusLost() reason 2
[2019.03.11-08.41.54:997][562]Cmd: MAP LOAD FILE="../../../../../../Users/vanja/Documents/Unreal Projects/Witch_Hunt/Content/Maps/Untitled.umap" TEMPLATE=0 SHOWPROGRESS=1 FEATURELEVEL=3
[2019.03.11-08.41.55:008][562]LogSlate: Took 0.004110 seconds to synchronously load lazily loaded font '../../../Engine/Content/Slate/Fonts/Roboto-Light.ttf' (167K)
[2019.03.11-08.41.55:034][562]LightingResults: New page: Lighting Build
[2019.03.11-08.41.55:034][562]LoadErrors: New page: Loading map: Untitled.umap
[2019.03.11-08.41.55:036][562]MapCheck: New page: Map Check
[2019.03.11-08.41.55:036][562]LightingResults: New page: Lighting Build
[2019.03.11-08.41.55:069][562]LogLinker: Warning: Can't find file '/Game/Maps/Untitled_BuiltData'
[2019.03.11-08.41.55:069][562]LogLinker: Warning: Can't find file for asset '/Game/Maps/Untitled_BuiltData' while loading ../../../../../../Users/vanja/Documents/Unreal Projects/Witch_Hunt/Content/Maps/Untitled.umap.
[2019.03.11-08.41.55:069][562]LoadErrors: Error: /Game/Maps/Untitled : Can't find file for asset. /Game/Maps/Untitled_BuiltData
[2019.03.11-08.41.55:070][562]LogLinker: Warning: Can't find file '/Game/Maps/Untitled_BuiltData'
[2019.03.11-08.41.55:070][562]LogLinker: Warning: Can't find file for asset '/Game/Maps/Untitled_BuiltData' while loading ../../../../../../Users/vanja/Documents/Unreal Projects/Witch_Hunt/Content/Maps/Untitled.umap.
[2019.03.11-08.41.55:152][562]LogLinker: Warning: Can't find file '/Game/Maps/Untitled_BuiltData'
[2019.03.11-08.41.55:153][562]LogLinker: Warning: Can't find file for asset '/Game/Maps/Untitled_BuiltData' while loading NULL.
[2019.03.11-08.41.55:153][562]LogLinker: Warning: Can't find file '/Game/Maps/Untitled_BuiltData'
[2019.03.11-08.41.55:153][562]LogLinker: Warning: Can't find file for asset '/Game/Maps/Untitled_BuiltData' while loading NULL.
[2019.03.11-08.41.55:180][562]LogLinker: Warning: Can't find file '/Game/Maps/Untitled_BuiltData'
[2019.03.11-08.41.55:180][562]LoadErrors: Failed to load /Game/Maps/Untitled_BuiltData.Untitled_BuiltData Referenced by PersistentLevel
[2019.03.11-08.41.55:181][562]LogLinker: Warning: Can't find file for asset '/Game/Maps/Untitled_BuiltData' while loading NULL.
[2019.03.11-08.41.55:413][562]LogAIModule: Creating AISystem for world Untitled
[2019.03.11-08.41.55:438][562]LogEditorServer: Finished looking for orphan Actors (0.000 secs)
[2019.03.11-08.41.55:595][562]Cmd: MAP CHECKDEP NOCLEARLOG
[2019.03.11-08.41.55:595][562]MapCheck: Map check complete: 0 Error(s), 0 Warning(s), took 0,127ms to complete.
[2019.03.11-08.41.55:596][562]LogFileHelpers: Loading map 'Untitled' took 0.600
[2019.03.11-08.41.55:599][562]LogSlate: Window 'Open Level' being destroyed
[2019.03.11-08.42.02:111][752]LogSlate: Window 'Message Log' being destroyed
[2019.03.11-08.42.02:130][752]LogSlate: Window 'Message Log' being destroyed
[2019.03.11-08.42.43:539][999]LogEditorViewport: Clicking on Actor (LMB): StaticMeshActor (Tree01)
[2019.03.11-08.42.56:813][397]LogEditorViewport: Clicking on Actor (LMB): StaticMeshActor (Leveldesign_pCube1)
[2019.03.11-08.43.04:337][623]LogEditorViewport: Clicking on Actor (LMB): StaticMeshActor (Bål)
[2019.03.11-08.43.14:963][941]LogEditorViewport: Clicking on Actor (LMB): StaticMeshActor (Stump)
[2019.03.11-08.43.23:776][206]LogEditorViewport: Clicking on Actor (LMB): StaticMeshActor (Rocks_pCube2)
[2019.03.11-08.43.27:657][322]LogEditorViewport: Clicking on Actor (LMB): StaticMeshActor (Rocks_pCube3)
[2019.03.11-08.43.31:674][443]LogEditorViewport: Clicking on Actor (LMB): BP_Sky_Sphere_C (Sky Sphere)
[2019.03.11-08.43.40:372][665]LogSlate: FSceneViewport::OnFocusLost() reason 0
[2019.03.11-08.43.51:199][899]LogFactory: FactoryCreateFile: StaticMesh with FbxFactory (0 0 ../../../../../../Users/vanja/Documents/Unreal Projects/WitchHunt/Import/Stolpe.fbx)
[2019.03.11-08.43.51:271][899]LogFbx: Loading FBX Scene from ../../../../../../Users/vanja/Documents/Unreal Projects/WitchHunt/Import/Stolpe.fbx
[2019.03.11-08.43.51:281][899]LogFbx: FBX Scene Loaded Succesfully
[2019.03.11-08.43.54:717][899]LogSlate: Window 'FBX Import Options' being destroyed
[2019.03.11-08.43.54:888][899]LogMaterial: Display: Missing cached shader map for material Stolpe1, compiling. 
[2019.03.11-08.43.54:937][899]LogShaderCompilers: Display: Shaders left to compile 22
[2019.03.11-08.43.54:937][899]LogShaderCompilers: Display: Shaders left to compile 12
[2019.03.11-08.43.54:937][899]LogShaderCompilers: Display: Shaders left to compile 2
[2019.03.11-08.43.54:937][899]LogFbx: Warning: Triangulating static mesh Stolpe1
[2019.03.11-08.43.54:976][899]LogStaticMesh: Building static mesh Stolpe...
[2019.03.11-08.43.54:997][899]LogStaticMesh: Built static mesh [0.02s] /Game/Models/Stolpe.Stolpe
[2019.03.11-08.44.00:132][ 38]LogSlate: FSceneViewport::OnFocusLost() reason 0
[2019.03.11-08.44.00:306][ 40]LogActorFactory: Actor Factory created Stolpe
[2019.03.11-08.44.02:454][103]LogActorFactory: Actor Factory created Stolpe
[2019.03.11-08.44.08:592][288]LogSlate: FSceneViewport::OnFocusLost() reason 0
[2019.03.11-08.44.13:355][334]LogFactory: FactoryCreateFile: StaticMesh with FbxFactory (0 0 ../../../../../../Users/vanja/Documents/Unreal Projects/WitchHunt/Import/Stolpe.fbx)
[2019.03.11-08.44.13:424][334]LogFbx: Loading FBX Scene from ../../../../../../Users/vanja/Documents/Unreal Projects/WitchHunt/Import/Stolpe.fbx
[2019.03.11-08.44.13:430][334]LogFbx: FBX Scene Loaded Succesfully
[2019.03.11-08.44.15:015][334]LogSlate: Window 'FBX Import Options' being destroyed
[2019.03.11-08.44.15:049][334]LogMaterial: Display: Missing cached shader map for material Stolpe1, compiling. 
[2019.03.11-08.44.15:062][334]LogShaderCompilers: Display: Shaders left to compile 22
[2019.03.11-08.44.15:062][334]LogShaderCompilers: Display: Shaders left to compile 12
[2019.03.11-08.44.15:062][334]LogShaderCompilers: Display: Shaders left to compile 2
[2019.03.11-08.44.15:062][334]LogFbx: Warning: Triangulating static mesh Stolpe1
[2019.03.11-08.44.15:073][334]LogStaticMesh: Building static mesh Stolpe...
[2019.03.11-08.44.15:075][334]LogStaticMesh: Built static mesh [0.00s] /Game/Models/Stolpe/Stolpe.Stolpe
[2019.03.11-08.44.20:538][428]LogSlate: Window 'Delete Assets' being destroyed
[2019.03.11-08.44.24:686][517]LogActorFactory: Actor Factory created Stolpe
[2019.03.11-08.44.25:791][549]LogActorFactory: Actor Factory created Stolpe
[2019.03.11-08.44.59:975][572]Cmd: DELETE
[2019.03.11-08.44.59:975][572]Cmd: ACTOR DELETE
[2019.03.11-08.44.59:988][572]LogEditorActor: Deleted Actor: StaticMeshActor
[2019.03.11-08.45.00:073][572]LogEditorActor: Deleted 1 Actors (0.094 secs)
[2019.03.11-08.45.00:520][588]LogEditorViewport: Clicking on Actor (LMB): StaticMeshActor (Leveldesign_pCube1)
[2019.03.11-08.45.01:183][606]LogEditorViewport: Clicking on Actor (LMB): StaticMeshActor (Stolpe2)
[2019.03.11-08.45.11:244][907]LogEditorViewport: Clicking on Actor (LMB): BP_Sky_Sphere_C (Sky Sphere)
[2019.03.11-08.45.11:997][929]LogEditorViewport: Clicking on Actor (LMB): StaticMeshActor (Stolpe2)
[2019.03.11-08.45.17:155][ 82]LogSlate: FSceneViewport::OnFocusLost() reason 0
[2019.03.11-08.45.25:175][316]LogSlate: FSceneViewport::OnFocusLost() reason 0
[2019.03.11-08.45.25:496][319]LogActorFactory: Actor Factory created Stolpe
[2019.03.11-08.45.26:720][353]LogActorFactory: Actor Factory created Stolpe
[2019.03.11-08.45.43:044][841]LogEditorViewport: Clicking on Actor (LMB): BP_Sky_Sphere_C (Sky Sphere)
[2019.03.11-08.45.45:882][926]LogEditorViewport: Clicking on Actor (LMB): StaticMeshActor (Stolpe3)
[2019.03.11-08.45.50:209][ 56]LogEditorViewport: Clicking on Actor (LMB): BP_Sky_Sphere_C (Sky Sphere)
[2019.03.11-08.45.57:928][282]LogSlate: FSceneViewport::OnFocusLost() reason 0
[2019.03.11-08.45.58:084][284]LogActorFactory: Actor Factory created Stolpe
[2019.03.11-08.45.58:964][308]LogActorFactory: Actor Factory created Stolpe
[2019.03.11-08.46.23:037][ 32]LogEditorViewport: Clicking on Actor (LMB): BP_Sky_Sphere_C (Sky Sphere)
[2019.03.11-08.46.29:898][225]LogSlate: FSceneViewport::OnFocusLost() reason 0
[2019.03.11-08.46.30:124][228]LogActorFactory: Actor Factory created Stolpe
[2019.03.11-08.46.31:261][261]LogActorFactory: Actor Factory created Stolpe
[2019.03.11-08.51.55:795][904]LogSavePackage: Moving '../../../../../../Users/vanja/Documents/Unreal Projects/Witch_Hunt/Saved/Untitled_Auto18112F6D04719E5F82A93E1AB2D2BBF8F.tmp' to '../../../../../../Users/vanja/Documents/Unreal Projects/Witch_Hunt/Saved/Autosaves/Game/Maps/Untitled_Auto1.umap'
[2019.03.11-08.51.55:804][904]LogFileHelpers: Editor autosave (incl. sublevels) for '/Game/Maps/Untitled' took 0.471
[2019.03.11-08.51.55:804][904]LogFileHelpers: Editor autosave (incl. sublevels) for all levels took 0.471
[2019.03.11-08.51.55:849][904]OBJ SavePackage: Generating thumbnails for [1] asset(s) in package [/Game/Models/Stolpe/Stolpe] ([1] browsable assets)...
[2019.03.11-08.51.55:964][904]OBJ SavePackage:     Rendered thumbnail for [StaticMesh /Game/Models/Stolpe/Stolpe.Stolpe]
[2019.03.11-08.51.55:964][904]OBJ SavePackage: Finished generating thumbnails for package [/Game/Models/Stolpe/Stolpe]
[2019.03.11-08.51.56:018][904]LogSavePackage: Moving '../../../../../../Users/vanja/Documents/Unreal Projects/Witch_Hunt/Saved/Stolpe_Auto1146DE9BD42B578FD4E91559B36FEA8A9.tmp' to '../../../../../../Users/vanja/Documents/Unreal Projects/Witch_Hunt/Saved/Autosaves/Game/Models/Stolpe/Stolpe_Auto1.uasset'
[2019.03.11-08.51.56:024][904]OBJ SavePackage: Generating thumbnails for [1] asset(s) in package [/Game/Models/Stolpe/Stolpe1] ([1] browsable assets)...
[2019.03.11-08.51.56:087][904]OBJ SavePackage:     Rendered thumbnail for [Material /Game/Models/Stolpe/Stolpe1.Stolpe1]
[2019.03.11-08.51.56:087][904]OBJ SavePackage: Finished generating thumbnails for package [/Game/Models/Stolpe/Stolpe1]
[2019.03.11-08.51.56:132][904]LogSavePackage: Moving '../../../../../../Users/vanja/Documents/Unreal Projects/Witch_Hunt/Saved/Stolpe1_Auto11C0896254FBA49FC61CB5D8C6469F50C.tmp' to '../../../../../../Users/vanja/Documents/Unreal Projects/Witch_Hunt/Saved/Autosaves/Game/Models/Stolpe/Stolpe1_Auto1.uasset'
[2019.03.11-08.51.56:136][904]LogFileHelpers: Auto-saving content packages took 0.289
[2019.03.11-08.53.48:004][238]LogSlate: FSceneViewport::OnFocusLost() reason 2
[2019.03.11-08.53.53:524][381]LogD3D11RHI: Error: Result failed 
 at D:\Build\++UE4\Sync\Engine\Source\Runtime\Windows\D3D11RHI\Private\D3D11Query.cpp:140 
 with error DXGI_ERROR_DEVICE_REMOVED DXGI_ERROR_DEVICE_HUNG
[2019.03.11-08.53.53:524][381]LogD3D11RHI: [Aftermath] GDynamicRHI=000002895DCE8100, GDX11NVAfterMathEnabled=0, Result=0xFFFFFFFF, bDeviceActive=0
[2019.03.11-08.53.53:524][381]LogWindows: Windows GetLastError: Operasjonen er utført. (0)
[2019.03.11-08.53.59:074][381]LogOutputDevice: Warning: 

Script Stack (0 frames):

[2019.03.11-08.53.59:074][381]LogWindows: Windows GetLastError: Operasjonen er utført. (0)
[2019.03.11-08.53.59:074][381]LogThreadingWindows: Error: Runnable thread RenderThread 1 crashed.
[2019.03.11-08.53.59:074][381]LogWindows: Error: === Critical error: ===
[2019.03.11-08.53.59:074][381]LogWindows: Error: 
[2019.03.11-08.53.59:074][381]LogWindows: Error: Fatal error: [File:D:\Build\++UE4\Sync\Engine\Source\Runtime\RenderCore\Private\RenderingThread.cpp] [Line: 826] 
[2019.03.11-08.53.59:074][381]LogWindows: Error: Rendering thread exception:
[2019.03.11-08.53.59:074][381]LogWindows: Error: Fatal error: [File:D:\Build\++UE4\Sync\Engine\Source\Runtime\Windows\D3D11RHI\Private\D3D11Util.cpp] [Line: 200] 
[2019.03.11-08.53.59:074][381]LogWindows: Error: Unreal Engine is exiting due to D3D device being lost. (Error: 0x887A0006 - 'HUNG')
[2019.03.11-08.53.59:074][381]LogWindows: Error: 
[2019.03.11-08.53.59:074][381]LogWindows: Error: 
[2019.03.11-08.53.59:074][381]LogWindows: Error: [Callstack] 0x00007ffca3905549 KERNELBASE.dll!UnknownFunction []
[2019.03.11-08.53.59:074][381]LogWindows: Error: [Callstack] 0x00007ffc3764cd1a UE4Editor-Core.dll!UnknownFunction []
[2019.03.11-08.53.59:074][381]LogWindows: Error: [Callstack] 0x00007ffc3742a967 UE4Editor-Core.dll!UnknownFunction []
[2019.03.11-08.53.59:074][381]LogWindows: Error: [Callstack] 0x00007ffc37360df7 UE4Editor-Core.dll!UnknownFunction []
[2019.03.11-08.53.59:074][381]LogWindows: Error: [Callstack] 0x00007ffc2a6bd32a UE4Editor-D3D11RHI.dll!UnknownFunction []
[2019.03.11-08.53.59:074][381]LogWindows: Error: [Callstack] 0x00007ffc2a6c0d64 UE4Editor-D3D11RHI.dll!UnknownFunction []
[2019.03.11-08.53.59:074][381]LogWindows: Error: [Callstack] 0x00007ffc2a6964f1 UE4Editor-D3D11RHI.dll!UnknownFunction []
[2019.03.11-08.53.59:074][381]LogWindows: Error: [Callstack] 0x00007ffc2a6ac818 UE4Editor-D3D11RHI.dll!UnknownFunction []
[2019.03.11-08.53.59:074][381]LogWindows: Error: [Callstack] 0x00007ffc9ca43905 UE4Editor-RHI.dll!UnknownFunction []
[2019.03.11-08.53.59:074][381]LogWindows: Error: [Callstack] 0x00007ffc9ca43495 UE4Editor-RHI.dll!UnknownFunction []
[2019.03.11-08.53.59:074][381]LogWindows: Error: [Callstack] 0x00007ffc9ca445bc UE4Editor-RHI.dll!UnknownFunction []
[2019.03.11-08.53.59:074][381]LogWindows: Error: [Callstack] 0x00007ffc9ca3ba45 UE4Editor-RHI.dll!UnknownFunction []
[2019.03.11-08.53.59:074][381]LogWindows: Error: [Callstack] 0x00007ffc2a3f179e UE4Editor-SlateRHIRenderer.dll!UnknownFunction []
[2019.03.11-08.53.59:074][381]LogWindows: Error: [Callstack] 0x00007ffc2a3f79ca UE4Editor-SlateRHIRenderer.dll!UnknownFunction []
[2019.03.11-08.53.59:074][381]LogWindows: Error: [Callstack] 0x00007ffc371f1798 UE4Editor-Core.dll!UnknownFunction []
[2019.03.11-08.53.59:074][381]LogWindows: Error: [Callstack] 0x00007ffc371f1c56 UE4Editor-Core.dll!UnknownFunction []
[2019.03.11-08.53.59:074][381]LogWindows: Error: [Callstack] 0x00007ffc9cb49af9 UE4Editor-RenderCore.dll!UnknownFunction []
[2019.03.11-08.53.59:074][381]LogWindows: Error: [Callstack] 0x00007ffc9cb4aa74 UE4Editor-RenderCore.dll!UnknownFunction []
[2019.03.11-08.53.59:074][381]LogWindows: Error: [Callstack] 0x00007ffc3764c500 UE4Editor-Core.dll!UnknownFunction []
[2019.03.11-08.53.59:074][381]LogWindows: Error: [Callstack] 0x00007ffc3763cac1 UE4Editor-Core.dll!UnknownFunction []
[2019.03.11-08.53.59:074][381]LogWindows: Error: [Callstack] 0x00007ffca4b481f4 KERNEL32.DLL!UnknownFunction []
[2019.03.11-08.53.59:074][381]LogWindows: Error: [Callstack] 0x00007ffca70fa251 ntdll.dll!UnknownFunction []
[2019.03.11-08.53.59:074][381]LogWindows: Error: 
[2019.03.11-08.53.59:074][381]LogWindows: Error: 
[2019.03.11-08.53.59:074][381]LogWindows: Error: 
[2019.03.11-08.53.59:074][381]LogWindows: Error: 
[2019.03.11-08.53.59:074][381]LogWindows: Error: Crash in runnable thread RenderThread 1
[2019.03.11-08.53.59:082][381]LogOutputDevice: Warning: 

Script Stack (0 frames):

[2019.03.11-08.53.59:082][381]LogWindows: Windows GetLastError: Operasjonen er utført. (0)
[2019.03.11-08.53.59:082][381]LogWindows: Error: HandleError re-entered.
[2019.03.11-08.53.59:082][381]LogWindows: FPlatformMisc::RequestExit(1)
[2019.03.11-08.53.59:093][381]Log file closed, 03/11/19 09:53:59
